<?xml version="1.0" encoding="UTF-8" standalone="yes"?><!DOCTYPE report PUBLIC "-//JACOCO//DTD Report 1.1//EN" "report.dtd"><report name="service"><sessioninfo id="iMac-Igor.local-edca606a" start="1648483493814" dump="1648483494132"/><sessioninfo id="iMac-Igor.local-94aa7d09" start="1648483494834" dump="1648483495139"/><sessioninfo id="iMac-Igor.local-784ae9c6" start="1648484945856" dump="1648484946162"/><sessioninfo id="iMac-Igor.local-15ff105d" start="1648484947032" dump="1648484947351"/></report>